#
# A fatal error has been detected by the Java Runtime Environment:
#
#  SIGBUS (0xa) at pc=0x000000010f2bd698, pid=89968, tid=0x0000000000002903
#
# JRE version: Java(TM) SE Runtime Environment (8.0_181-b13) (build 1.8.0_181-b13)
# Java VM: Java HotSpot(TM) 64-Bit Server VM (25.181-b13 mixed mode bsd-amd64 compressed oops)
# Problematic frame:
# V  [libjvm.dylib+0x1e2698]  ConstantPool::impl_name_and_type_ref_index_at(int, bool)+0x4c
#
# Failed to write core dump. Core dumps have been disabled. To enable core dumping, try "ulimit -c unlimited" before starting Java again
#
# If you would like to submit a bug report, please visit:
#   http://bugreport.java.com/bugreport/crash.jsp
#

---------------  T H R E A D  ---------------

Current thread (0x00007fee2483a800):  VMThread [stack: 0x00000001267f1000,0x00000001268f1000] [id=10499]

siginfo: si_signo: 10 (SIGBUS), si_code: 2 (BUS_ADRERR), si_addr: 0x00000001252ea8c8

Registers:
RAX=0x0000000125156898, RBX=0x000000000000000a, RCX=0x0000000000194020, RDX=0x0000000000000000
RSP=0x00000001268f04b0, RBP=0x00000001268f04b0, RSI=0x000000000000ca01, RDI=0x0000000125156270
R8 =0x000000000000000a, R9 =0x000000008a000000, R10=0x000000000000000a, R11=0xffffffffffffff90
R12=0x00000001268f06d8, R13=0x0000000125156270, R14=0x0000000000000001, R15=0x0000000000000001
RIP=0x000000010f2bd698, EFLAGS=0x0000000000010202, ERR=0x0000000000000004
  TRAPNO=0x000000000000000e

Top of Stack: (sp=0x00000001268f04b0)
0x00000001268f04b0:   00000001268f0510 000000010f363d7e
0x00000001268f04c0:   00000001268f04e0 000000010f688142
0x00000001268f04d0:   00000001268f0528 00000001268f06d8
0x00000001268f04e0:   00000001268f0510 00007fee22e09b50
0x00000001268f04f0:   00000001268f0528 00000001251565d8
0x00000001268f0500:   00000001268f06d8 0000000000000016
0x00000001268f0510:   00000001268f0590 000000010f3657ec
0x00000001268f0520:   00000001268f05c0 00000001268f0560
0x00000001268f0530:   00000001251565d8 00007fee2483a800
0x00000001268f0540:   0000000d0000000a 000000b200000016
0x00000001268f0550:   000000b2268f0000 00000001251565d8
0x00000001268f0560:   00007fee2483a800 00000001251565d8
0x00000001268f0570:   00000001268f06d8 00000001251565d8
0x00000001268f0580:   0000000000000002 0000000000000078
0x00000001268f0590:   00000001268f05c0 000000010f365a3b
0x00000001268f05a0:   00000001268f05c0 00000001268f06d8
0x00000001268f05b0:   00000001268f06d8 00000001251565d8
0x00000001268f05c0:   00000001268f05e0 000000010f365fd2
0x00000001268f05d0:   00000001268f06d8 00007fee2483a800
0x00000001268f05e0:   00000001268f0670 000000010f3663eb
0x00000001268f05f0:   00007fee24010000 0000000000000000
0x00000001268f0600:   00000001ffff0208 00007fee2401c500
0x00000001268f0610:   00000000000000ff 0000000500000100
0x00000001268f0620:   0000000000000000 000000010f2787f6
0x00000001268f0630:   0000003000000000 0000000000000000
0x00000001268f0640:   00000001251565d8 00007fee2483a800
0x00000001268f0650:   00000001251565d8 00000001268f06d8
0x00000001268f0660:   00007fee2483a800 00007fee22d49f90
0x00000001268f0670:   00000001268f06c0 000000010f560331
0x00000001268f0680:   00007fee22e0f4a0 00007fee22e09a40
0x00000001268f0690:   00007fee22e09a50 00007fee22e09e28
0x00000001268f06a0:   00000000000003d8 000000000000003e 

Instructions: (pc=0x000000010f2bd698)
0x000000010f2bd678:   63 ce 48 c1 e1 05 ba ff ff 00 00 48 23 54 08 10
0x000000010f2bd688:   8b 44 d7 50 c1 e8 10 5d c3 48 63 ce 48 c1 e1 05
0x000000010f2bd698:   48 8b 4c 08 10 0f b7 f1 48 63 c6 8b 44 c7 50 eb
0x000000010f2bd6a8:   e3 90 55 48 89 e5 53 48 83 ec 08 48 89 fb 48 89 

Register to memory mapping:

RAX=0x0000000125156898 is pointing into metadata
RBX=0x000000000000000a is an unknown value
RCX=0x0000000000194020 is an unknown value
RDX=0x0000000000000000 is an unknown value
RSP=0x00000001268f04b0 is an unknown value
RBP=0x00000001268f04b0 is an unknown value
RSI=0x000000000000ca01 is an unknown value
RDI=0x0000000125156270 is pointing into metadata
R8 =0x000000000000000a is an unknown value
R9 =0x000000008a000000 is an unknown value
R10=0x000000000000000a is an unknown value
R11=0xffffffffffffff90 is an unknown value
R12=0x00000001268f06d8 is an unknown value
R13=0x0000000125156270 is pointing into metadata
R14=0x0000000000000001 is an unknown value
R15=0x0000000000000001 is an unknown value


Stack: [0x00000001267f1000,0x00000001268f1000],  sp=0x00000001268f04b0,  free space=1021k
Native frames: (J=compiled Java code, j=interpreted, Vv=VM code, C=native code)
V  [libjvm.dylib+0x1e2698]  ConstantPool::impl_name_and_type_ref_index_at(int, bool)+0x4c
V  [libjvm.dylib+0x288d7e]  GenerateOopMap::do_field(int, int, int, int)+0x36
V  [libjvm.dylib+0x28a7ec]  GenerateOopMap::interp_bb(BasicBlock*)+0x104
V  [libjvm.dylib+0x28aa3b]  GenerateOopMap::interp_all()+0x31
V  [libjvm.dylib+0x28afd2]  GenerateOopMap::do_interpretation()+0x44
V  [libjvm.dylib+0x28b3eb]  GenerateOopMap::compute_map(Thread*)+0x1fb
V  [libjvm.dylib+0x485331]  OopMapForCacheEntry::compute_map(Thread*)+0x8f
V  [libjvm.dylib+0x48553a]  OopMapCacheEntry::fill(methodHandle, int)+0x19e
V  [libjvm.dylib+0x48571b]  OopMapCache::compute_one_oop_map(methodHandle, int, InterpreterOopMap*)+0x16b
V  [libjvm.dylib+0x4859d2]  OopMapCache::lookup(methodHandle, int, InterpreterOopMap*) const+0x25c
V  [libjvm.dylib+0x2c2b04]  InstanceKlass::mask_for(methodHandle, int, InterpreterOopMap*)+0xd2
V  [libjvm.dylib+0x45306d]  Method::mask_for(int, InterpreterOopMap*)+0xb3
V  [libjvm.dylib+0x39afbf]  VM_GetOrSetLocal::doit()+0x47
V  [libjvm.dylib+0x5bd499]  VM_Operation::evaluate()+0x4f
V  [libjvm.dylib+0x5bba31]  VMThread::evaluate_operation(VM_Operation*)+0xdf
V  [libjvm.dylib+0x5bbe7e]  VMThread::loop()+0x328
V  [libjvm.dylib+0x5bb79d]  VMThread::run()+0x79
V  [libjvm.dylib+0x48e342]  java_start(Thread*)+0xf6
C  [libsystem_pthread.dylib+0x32fc]  _pthread_body+0x83
C  [libsystem_pthread.dylib+0x3279]  _pthread_body+0x0
C  [libsystem_pthread.dylib+0x14b1]  thread_start+0xd

VM_Operation (0x0000000128500938): GetOrSetLocal, mode: safepoint, requested by thread 0x00007fee23036800


---------------  P R O C E S S  ---------------

Java Threads: ( => current thread )
  0x00007fee248ba000 JavaThread "Service Thread" daemon [_thread_blocked, id=19715, stack(0x0000000128dc4000,0x0000000128ec4000)]
  0x00007fee24029000 JavaThread "C1 CompilerThread2" daemon [_thread_blocked, id=19203, stack(0x0000000128cc1000,0x0000000128dc1000)]
  0x00007fee238b3800 JavaThread "C2 CompilerThread1" daemon [_thread_blocked, id=18691, stack(0x0000000128bbe000,0x0000000128cbe000)]
  0x00007fee230a7800 JavaThread "C2 CompilerThread0" daemon [_thread_blocked, id=18179, stack(0x0000000128abb000,0x0000000128bbb000)]
  0x00007fee23037000 JavaThread "JDWP Command Reader" daemon [_thread_in_native, id=17667, stack(0x0000000128607000,0x0000000128707000)]
  0x00007fee2300e000 JavaThread "JDWP Event Helper Thread" daemon [_thread_blocked, id=17155, stack(0x0000000128504000,0x0000000128604000)]
  0x00007fee23036800 JavaThread "JDWP Transport Listener: dt_socket" daemon [_thread_blocked, id=16643, stack(0x0000000128401000,0x0000000128501000)]
  0x00007fee2401e000 JavaThread "Signal Dispatcher" daemon [_thread_blocked, id=14107, stack(0x00000001282f7000,0x00000001283f7000)]
  0x00007fee2483b800 JavaThread "Finalizer" daemon [_thread_blocked, id=11523, stack(0x00000001269f7000,0x0000000126af7000)]
  0x00007fee23801000 JavaThread "Reference Handler" daemon [_thread_blocked, id=11011, stack(0x00000001268f4000,0x00000001269f4000)]
  0x00007fee23013800 JavaThread "main" [_thread_blocked, id=4355, stack(0x00000001100a3000,0x00000001101a3000)]

Other Threads:
=>0x00007fee2483a800 VMThread [stack: 0x00000001267f1000,0x00000001268f1000] [id=10499]
  0x00007fee24020000 WatcherThread [stack: 0x0000000128ec7000,0x0000000128fc7000] [id=20227]

VM state:at safepoint (normal execution)

VM Mutex/Monitor currently owned by a thread:  ([mutex/lock_event])
[0x00007fee22c02450] Threads_lock - owner thread: 0x00007fee2483a800

Heap:
 PSYoungGen      total 38400K, used 4030K [0x0000000795580000, 0x0000000798000000, 0x00000007c0000000)
  eden space 33280K, 12% used [0x0000000795580000,0x000000079596fbf0,0x0000000797600000)
  from space 5120K, 0% used [0x0000000797b00000,0x0000000797b00000,0x0000000798000000)
  to   space 5120K, 0% used [0x0000000797600000,0x0000000797600000,0x0000000797b00000)
 ParOldGen       total 87552K, used 0K [0x0000000740000000, 0x0000000745580000, 0x0000000795580000)
  object space 87552K, 0% used [0x0000000740000000,0x0000000740000000,0x0000000745580000)
 Metaspace       used 3171K, capacity 4600K, committed 4864K, reserved 1056768K
  class space    used 339K, capacity 424K, committed 512K, reserved 1048576K

Card table byte_map: [0x000000011fe68000,0x0000000120269000] byte_map_base: 0x000000011c468000

Marking Bits: (ParMarkBitMap*) 0x000000010f9d4cd0
 Begin Bits: [0x0000000120920000, 0x0000000122920000)
 End Bits:   [0x0000000122920000, 0x0000000124920000)

Polling page: 0x00000001101ed000

CodeCache: size=245760Kb used=1102Kb max_used=1114Kb free=244657Kb
 bounds [0x0000000110aa8000, 0x0000000110d18000, 0x000000011faa8000]
 total_blobs=259 nmethods=24 adapters=157
 compilation: enabled

Compilation events (10 events):
Event: 0.410 Thread 0x00007fee24029000 nmethod 20 0x0000000110bb7f50 code [0x0000000110bb80a0, 0x0000000110bb81b0]
Event: 0.410 Thread 0x00007fee24029000   21       3       java.nio.charset.CharsetEncoder::maxBytesPerChar (5 bytes)
Event: 0.410 Thread 0x00007fee24029000 nmethod 21 0x0000000110bb8990 code [0x0000000110bb8ae0, 0x0000000110bb8c30]
Event: 0.410 Thread 0x00007fee24029000   23   !   3       sun.misc.URLClassPath$JarLoader::getResource (85 bytes)
Event: 0.411 Thread 0x00007fee238b3800   24       4       sun.nio.cs.UTF_8$Encoder::encode (359 bytes)
Event: 0.412 Thread 0x00007fee24029000 nmethod 23 0x0000000110bbb750 code [0x0000000110bbb9a0, 0x0000000110bbc5a8]
Event: 0.412 Thread 0x00007fee24029000   16       3       java.util.concurrent.ConcurrentHashMap::setTabAt (19 bytes)
Event: 0.412 Thread 0x00007fee24029000 nmethod 16 0x0000000110bb8650 code [0x0000000110bb87a0, 0x0000000110bb8910]
Event: 0.413 Thread 0x00007fee230a7800 nmethod 22 0x0000000110bb9e90 code [0x0000000110bb9fe0, 0x0000000110bba178]
Event: 0.420 Thread 0x00007fee238b3800 nmethod 24 0x0000000110bbde10 code [0x0000000110bbdf80, 0x0000000110bbe378]

GC Heap History (0 events):
No events

Deoptimization events (0 events):
No events

Classes redefined (2 events):
Event: 98.900 Thread 0x00007fee2483a800 redefined class name=scheduler.com.utils.InsertionSort, count=1
Event: 165.081 Thread 0x00007fee2483a800 redefined class name=scheduler.com.utils.InsertionSort, count=2

Internal exceptions (2 events):
Event: 0.046 Thread 0x00007fee23013800 Exception <a 'java/lang/NoSuchMethodError': Method sun.misc.Unsafe.defineClass(Ljava/lang/String;[BII)Ljava/lang/Class; name or signature does not match> (0x0000000795587cb0) thrown at [/Users/java_re/workspace/8-2-build-macosx-x86_64/jdk8u181/11358/hotsp
Event: 0.046 Thread 0x00007fee23013800 Exception <a 'java/lang/NoSuchMethodError': Method sun.misc.Unsafe.prefetchRead(Ljava/lang/Object;J)V name or signature does not match> (0x0000000795587f98) thrown at [/Users/java_re/workspace/8-2-build-macosx-x86_64/jdk8u181/11358/hotspot/src/share/vm/pr

Events (10 events):
Event: 165.077 Executing VM operation: ChangeBreakpoints done
Event: 165.081 Executing VM operation: RedefineClasses
Event: 165.081 Executing VM operation: RedefineClasses done
Event: 165.121 Executing VM operation: ChangeBreakpoints
Event: 165.121 Executing VM operation: ChangeBreakpoints done
Event: 165.123 Executing VM operation: ChangeBreakpoints
Event: 165.123 Executing VM operation: ChangeBreakpoints done
Event: 165.125 Executing VM operation: ChangeBreakpoints
Event: 165.125 Executing VM operation: ChangeBreakpoints done
Event: 165.157 Executing VM operation: GetOrSetLocal


Dynamic libraries:
0x00007fff8802b000 	/System/Library/Frameworks/Cocoa.framework/Versions/A/Cocoa
0x00007fff939c8000 	/System/Library/Frameworks/Security.framework/Versions/A/Security
0x00007fff8bc92000 	/System/Library/Frameworks/ApplicationServices.framework/Versions/A/ApplicationServices
0x00007fff8df49000 	/usr/lib/libz.1.dylib
0x00007fff8ee1e000 	/usr/lib/libSystem.B.dylib
0x00007fff8f992000 	/usr/lib/libobjc.A.dylib
0x00007fff8927f000 	/System/Library/Frameworks/CoreFoundation.framework/Versions/A/CoreFoundation
0x00007fff8835a000 	/System/Library/Frameworks/Foundation.framework/Versions/C/Foundation
0x00007fff873c9000 	/System/Library/Frameworks/AppKit.framework/Versions/C/AppKit
0x00007fff940b9000 	/System/Library/Frameworks/CoreData.framework/Versions/A/CoreData
0x00007fff8a7c2000 	/System/Library/PrivateFrameworks/RemoteViewServices.framework/Versions/A/RemoteViewServices
0x00007fff8ec94000 	/System/Library/PrivateFrameworks/UIFoundation.framework/Versions/A/UIFoundation
0x00007fff8bbb3000 	/System/Library/Frameworks/IOSurface.framework/Versions/A/IOSurface
0x00007fff8e3d5000 	/System/Library/Frameworks/AudioToolbox.framework/Versions/A/AudioToolbox
0x00007fff91056000 	/System/Library/Frameworks/AudioUnit.framework/Versions/A/AudioUnit
0x00007fff8eaf2000 	/System/Library/PrivateFrameworks/DataDetectorsCore.framework/Versions/A/DataDetectorsCore
0x00007fff8e541000 	/System/Library/PrivateFrameworks/DesktopServicesPriv.framework/Versions/A/DesktopServicesPriv
0x00007fff88e67000 	/System/Library/Frameworks/Carbon.framework/Versions/A/Frameworks/HIToolbox.framework/Versions/A/HIToolbox
0x00007fff916b9000 	/System/Library/Frameworks/QuartzCore.framework/Versions/A/QuartzCore
0x00007fff93cab000 	/System/Library/Frameworks/Carbon.framework/Versions/A/Frameworks/SpeechRecognition.framework/Versions/A/SpeechRecognition
0x00007fff8b18b000 	/usr/lib/libauto.dylib
0x00007fff8b772000 	/usr/lib/libicucore.A.dylib
0x00007fff8544c000 	/usr/lib/libxml2.2.dylib
0x00007fff8729e000 	/System/Library/PrivateFrameworks/CoreUI.framework/Versions/A/CoreUI
0x00007fff8a278000 	/System/Library/Frameworks/CoreAudio.framework/Versions/A/CoreAudio
0x00007fff91db9000 	/System/Library/Frameworks/DiskArbitration.framework/Versions/A/DiskArbitration
0x00007fff8591c000 	/usr/lib/liblangid.dylib
0x00007fff88769000 	/System/Library/PrivateFrameworks/MultitouchSupport.framework/Versions/A/MultitouchSupport
0x00007fff8de5c000 	/System/Library/Frameworks/IOKit.framework/Versions/A/IOKit
0x00007fff8544a000 	/usr/lib/libDiagnosticMessagesClient.dylib
0x00007fff90934000 	/System/Library/Frameworks/CoreServices.framework/Versions/A/CoreServices
0x00007fff91c7c000 	/System/Library/PrivateFrameworks/PerformanceAnalysis.framework/Versions/A/PerformanceAnalysis
0x00007fff912fe000 	/System/Library/PrivateFrameworks/GenerationalStorage.framework/Versions/A/GenerationalStorage
0x00007fff8fc08000 	/System/Library/Frameworks/OpenGL.framework/Versions/A/OpenGL
0x00007fff91abb000 	/System/Library/PrivateFrameworks/Sharing.framework/Versions/A/Sharing
0x00007fff900cd000 	/System/Library/Frameworks/CoreGraphics.framework/Versions/A/CoreGraphics
0x00007fff8d8b1000 	/System/Library/Frameworks/CoreText.framework/Versions/A/CoreText
0x00007fff8e0c2000 	/System/Library/Frameworks/ImageIO.framework/Versions/A/ImageIO
0x00007fff896ce000 	/usr/lib/libextension.dylib
0x00007fff87f6b000 	/System/Library/PrivateFrameworks/Backup.framework/Versions/A/Backup
0x00007fff8803a000 	/usr/lib/libarchive.2.dylib
0x00007fff8bc93000 	/System/Library/Frameworks/CFNetwork.framework/Versions/A/CFNetwork
0x00007fff8a169000 	/System/Library/Frameworks/SystemConfiguration.framework/Versions/A/SystemConfiguration
0x00007fff91bef000 	/usr/lib/libCRFSuite.dylib
0x00007fff92fff000 	/usr/lib/libc++.1.dylib
0x00007fff93de0000 	/usr/lib/libc++abi.dylib
0x00007fff8a7ba000 	/usr/lib/system/libcache.dylib
0x00007fff8a147000 	/usr/lib/system/libcommonCrypto.dylib
0x00007fff8b76a000 	/usr/lib/system/libcompiler_rt.dylib
0x00007fff8a795000 	/usr/lib/system/libcopyfile.dylib
0x00007fff8ddc7000 	/usr/lib/system/libcorecrypto.dylib
0x00007fff8fc17000 	/usr/lib/system/libdispatch.dylib
0x00007fff93e94000 	/usr/lib/system/libdyld.dylib
0x00007fff8ea31000 	/usr/lib/system/libkeymgr.dylib
0x00007fff8beaa000 	/usr/lib/system/liblaunch.dylib
0x00007fff89ce6000 	/usr/lib/system/libmacho.dylib
0x00007fff8b963000 	/usr/lib/system/libquarantine.dylib
0x00007fff8f87e000 	/usr/lib/system/libremovefile.dylib
0x00007fff8a261000 	/usr/lib/system/libsystem_asl.dylib
0x00007fff9103a000 	/usr/lib/system/libsystem_blocks.dylib
0x00007fff8fcc4000 	/usr/lib/system/libsystem_c.dylib
0x00007fff8fb85000 	/usr/lib/system/libsystem_configuration.dylib
0x00007fff91951000 	/usr/lib/system/libsystem_coreservices.dylib
0x00007fff8a1e2000 	/usr/lib/system/libsystem_coretls.dylib
0x00007fff8be97000 	/usr/lib/system/libsystem_dnssd.dylib
0x00007fff887c1000 	/usr/lib/system/libsystem_info.dylib
0x00007fff8878f000 	/usr/lib/system/libsystem_kernel.dylib
0x00007fff8fb88000 	/usr/lib/system/libsystem_m.dylib
0x00007fff948ed000 	/usr/lib/system/libsystem_malloc.dylib
0x00007fff89616000 	/usr/lib/system/libsystem_network.dylib
0x00007fff9131b000 	/usr/lib/system/libsystem_networkextension.dylib
0x00007fff8d148000 	/usr/lib/system/libsystem_notify.dylib
0x00007fff867d1000 	/usr/lib/system/libsystem_platform.dylib
0x00007fff8d886000 	/usr/lib/system/libsystem_pthread.dylib
0x00007fff8b508000 	/usr/lib/system/libsystem_sandbox.dylib
0x00007fff91a4b000 	/usr/lib/system/libsystem_secinit.dylib
0x00007fff8e976000 	/usr/lib/system/libsystem_stats.dylib
0x00007fff93e8d000 	/usr/lib/system/libsystem_trace.dylib
0x00007fff8d8a2000 	/usr/lib/system/libunc.dylib
0x00007fff88104000 	/usr/lib/system/libunwind.dylib
0x00007fff88331000 	/usr/lib/system/libxpc.dylib
0x00007fff8d8a3000 	/usr/lib/libbz2.1.0.dylib
0x00007fff9101f000 	/usr/lib/liblzma.5.dylib
0x00007fff8dece000 	/usr/lib/libbsm.0.dylib
0x00007fff8e7db000 	/usr/lib/libsqlite3.dylib
0x00007fff8f838000 	/usr/lib/system/libkxld.dylib
0x00007fff85288000 	/usr/lib/libxar.1.dylib
0x00007fff85917000 	/usr/lib/libpam.2.dylib
0x00007fff8f116000 	/usr/lib/libOpenScriptingUtil.dylib
0x00007fff8a0cb000 	/System/Library/Frameworks/CoreServices.framework/Versions/A/Frameworks/FSEvents.framework/Versions/A/FSEvents
0x00007fff8b1d2000 	/System/Library/Frameworks/CoreServices.framework/Versions/A/Frameworks/CarbonCore.framework/Versions/A/CarbonCore
0x00007fff8e992000 	/System/Library/Frameworks/CoreServices.framework/Versions/A/Frameworks/Metadata.framework/Versions/A/Metadata
0x00007fff8ff49000 	/System/Library/Frameworks/CoreServices.framework/Versions/A/Frameworks/OSServices.framework/Versions/A/OSServices
0x00007fff94803000 	/System/Library/Frameworks/CoreServices.framework/Versions/A/Frameworks/SearchKit.framework/Versions/A/SearchKit
0x00007fff87f0b000 	/System/Library/Frameworks/CoreServices.framework/Versions/A/Frameworks/AE.framework/Versions/A/AE
0x00007fff8b5e8000 	/System/Library/Frameworks/CoreServices.framework/Versions/A/Frameworks/LaunchServices.framework/Versions/A/LaunchServices
0x00007fff8e6c9000 	/System/Library/Frameworks/CoreServices.framework/Versions/A/Frameworks/DictionaryServices.framework/Versions/A/DictionaryServices
0x00007fff91949000 	/System/Library/Frameworks/NetFS.framework/Versions/A/NetFS
0x00007fff947f8000 	/System/Library/PrivateFrameworks/NetAuth.framework/Versions/A/NetAuth
0x00007fff8e973000 	/System/Library/PrivateFrameworks/login.framework/Versions/A/Frameworks/loginsupport.framework/Versions/A/loginsupport
0x00007fff8810a000 	/System/Library/PrivateFrameworks/TCC.framework/Versions/A/TCC
0x00007fff8a361000 	/usr/lib/libmecabra.dylib
0x00007fff8e669000 	/System/Library/PrivateFrameworks/LanguageModeling.framework/Versions/A/LanguageModeling
0x00007fff8d890000 	/usr/lib/libcmph.dylib
0x00007fff8bab0000 	/usr/lib/libiconv.2.dylib
0x00007fff880e9000 	/System/Library/Frameworks/OpenDirectory.framework/Versions/A/Frameworks/CFOpenDirectory.framework/Versions/A/CFOpenDirectory
0x00007fff89cec000 	/System/Library/Frameworks/ServiceManagement.framework/Versions/A/ServiceManagement
0x00007fff93f1b000 	/usr/lib/libxslt.1.dylib
0x00007fff90f8a000 	/System/Library/Frameworks/Carbon.framework/Versions/A/Frameworks/Ink.framework/Versions/A/Ink
0x00007fff8f61b000 	/System/Library/Frameworks/ApplicationServices.framework/Versions/A/Frameworks/ATS.framework/Versions/A/ATS
0x00007fff8a6ff000 	/System/Library/Frameworks/ApplicationServices.framework/Versions/A/Frameworks/ColorSync.framework/Versions/A/ColorSync
0x00007fff8809f000 	/System/Library/Frameworks/ApplicationServices.framework/Versions/A/Frameworks/HIServices.framework/Versions/A/HIServices
0x00007fff8bba3000 	/System/Library/Frameworks/ApplicationServices.framework/Versions/A/Frameworks/LangAnalysis.framework/Versions/A/LangAnalysis
0x00007fff89e19000 	/System/Library/Frameworks/ApplicationServices.framework/Versions/A/Frameworks/PrintCore.framework/Versions/A/PrintCore
0x00007fff8fc51000 	/System/Library/Frameworks/ApplicationServices.framework/Versions/A/Frameworks/QD.framework/Versions/A/QD
0x00007fff92226000 	/System/Library/Frameworks/ApplicationServices.framework/Versions/A/Frameworks/SpeechSynthesis.framework/Versions/A/SpeechSynthesis
0x00007fff900cc000 	/System/Library/Frameworks/Accelerate.framework/Versions/A/Accelerate
0x00007fff862cf000 	/System/Library/Frameworks/Accelerate.framework/Versions/A/Frameworks/vImage.framework/Versions/A/vImage
0x00007fff93e98000 	/System/Library/Frameworks/Accelerate.framework/Versions/A/Frameworks/vecLib.framework/Versions/A/vecLib
0x00007fff8d9ca000 	/System/Library/Frameworks/Accelerate.framework/Versions/A/Frameworks/vecLib.framework/Versions/A/libvDSP.dylib
0x00007fff8f774000 	/System/Library/Frameworks/Accelerate.framework/Versions/A/Frameworks/vecLib.framework/Versions/A/libvMisc.dylib
0x00007fff8f20d000 	/System/Library/Frameworks/Accelerate.framework/Versions/A/Frameworks/vecLib.framework/Versions/A/libLAPACK.dylib
0x00007fff92c25000 	/System/Library/Frameworks/Accelerate.framework/Versions/A/Frameworks/vecLib.framework/Versions/A/libBLAS.dylib
0x00007fff8de44000 	/System/Library/Frameworks/Accelerate.framework/Versions/A/Frameworks/vecLib.framework/Versions/A/libLinearAlgebra.dylib
0x00007fff8f118000 	/System/Library/Frameworks/ApplicationServices.framework/Versions/A/Frameworks/ATS.framework/Versions/A/Resources/libFontParser.dylib
0x00007fff8fe51000 	/System/Library/Frameworks/ApplicationServices.framework/Versions/A/Frameworks/ATS.framework/Versions/A/Resources/libFontRegistry.dylib
0x00007fff8df2e000 	/System/Library/PrivateFrameworks/AppleVPA.framework/Versions/A/AppleVPA
0x00007fff8e70d000 	/System/Library/PrivateFrameworks/AppleJPEG.framework/Versions/A/AppleJPEG
0x00007fff858c2000 	/System/Library/Frameworks/ImageIO.framework/Versions/A/Resources/libJPEG.dylib
0x00007fff8bc36000 	/System/Library/Frameworks/ImageIO.framework/Versions/A/Resources/libTIFF.dylib
0x00007fff8ff23000 	/System/Library/Frameworks/ImageIO.framework/Versions/A/Resources/libPng.dylib
0x00007fff8a695000 	/System/Library/Frameworks/ImageIO.framework/Versions/A/Resources/libGIF.dylib
0x00007fff8eb99000 	/System/Library/Frameworks/ImageIO.framework/Versions/A/Resources/libJP2.dylib
0x00007fff91954000 	/System/Library/Frameworks/ImageIO.framework/Versions/A/Resources/libRadiance.dylib
0x00007fff8e7ad000 	/System/Library/Frameworks/CoreVideo.framework/Versions/A/CoreVideo
0x00007fff8a1f7000 	/System/Library/Frameworks/OpenGL.framework/Versions/A/Libraries/libGLU.dylib
0x00007fff88785000 	/System/Library/Frameworks/OpenGL.framework/Versions/A/Libraries/libGFXShared.dylib
0x00007fff8e6f5000 	/System/Library/Frameworks/OpenGL.framework/Versions/A/Libraries/libGL.dylib
0x00007fff8a0d4000 	/System/Library/Frameworks/OpenGL.framework/Versions/A/Libraries/libGLImage.dylib
0x00007fff8fc05000 	/System/Library/Frameworks/OpenGL.framework/Versions/A/Libraries/libCVMSPluginSupport.dylib
0x00007fff85445000 	/System/Library/Frameworks/OpenGL.framework/Versions/A/Libraries/libCoreVMClient.dylib
0x00007fff918fc000 	/usr/lib/libcups.2.dylib
0x00007fff8964f000 	/System/Library/Frameworks/Kerberos.framework/Versions/A/Kerberos
0x00007fff8eac1000 	/System/Library/Frameworks/GSS.framework/Versions/A/GSS
0x00007fff918de000 	/usr/lib/libresolv.9.dylib
0x00007fff93cc1000 	/System/Library/PrivateFrameworks/Heimdal.framework/Versions/A/Heimdal
0x00007fff8dda5000 	/usr/lib/libheimdal-asn1.dylib
0x00007fff8fb78000 	/System/Library/Frameworks/OpenDirectory.framework/Versions/A/OpenDirectory
0x00007fff90dc4000 	/System/Library/PrivateFrameworks/CommonAuth.framework/Versions/A/CommonAuth
0x00007fff8d1e4000 	/System/Library/Frameworks/SecurityFoundation.framework/Versions/A/SecurityFoundation
0x00007fff8becf000 	/System/Library/Frameworks/QuartzCore.framework/Versions/A/Frameworks/CoreImage.framework/Versions/A/CoreImage
0x00007fff86b09000 	/System/Library/PrivateFrameworks/CrashReporterSupport.framework/Versions/A/CrashReporterSupport
0x00007fff946e9000 	/System/Library/Frameworks/OpenCL.framework/Versions/A/OpenCL
0x00007fff91df5000 	/System/Library/PrivateFrameworks/FaceCore.framework/Versions/A/FaceCore
0x00007fff92e71000 	/System/Library/PrivateFrameworks/Ubiquity.framework/Versions/A/Ubiquity
0x00007fff90e01000 	/System/Library/PrivateFrameworks/IconServices.framework/Versions/A/IconServices
0x00007fff86b18000 	/System/Library/PrivateFrameworks/ChunkingLibrary.framework/Versions/A/ChunkingLibrary
0x00007fff92b6a000 	/System/Library/PrivateFrameworks/Apple80211.framework/Versions/A/Apple80211
0x00007fff91b47000 	/System/Library/Frameworks/CoreWLAN.framework/Versions/A/CoreWLAN
0x00007fff85990000 	/System/Library/Frameworks/IOBluetooth.framework/Versions/A/IOBluetooth
0x00007fff91adf000 	/System/Library/PrivateFrameworks/CoreWiFi.framework/Versions/A/CoreWiFi
0x00007fff896b2000 	/System/Library/Frameworks/CoreBluetooth.framework/Versions/A/CoreBluetooth
0x00007fff91bb4000 	/System/Library/PrivateFrameworks/DebugSymbols.framework/Versions/A/DebugSymbols
0x00007fff8d2db000 	/System/Library/PrivateFrameworks/CoreSymbolication.framework/Versions/A/CoreSymbolication
0x00007fff94739000 	/System/Library/PrivateFrameworks/Symbolication.framework/Versions/A/Symbolication
0x00007fff8eb5a000 	/System/Library/PrivateFrameworks/SpeechRecognitionCore.framework/Versions/A/SpeechRecognitionCore
0x000000010f0db000 	/Library/Java/JavaVirtualMachines/jdk1.8.0_181.jdk/Contents/Home/jre/lib/server/libjvm.dylib
0x00007fff85296000 	/usr/lib/libstdc++.6.dylib
0x00000001101a9000 	/Library/Java/JavaVirtualMachines/jdk1.8.0_181.jdk/Contents/Home/jre/lib/libverify.dylib
0x00000001101b7000 	/Library/Java/JavaVirtualMachines/jdk1.8.0_181.jdk/Contents/Home/jre/lib/libjava.dylib
0x0000000110a00000 	/Library/Java/JavaVirtualMachines/jdk1.8.0_181.jdk/Contents/Home/jre/lib/libjdwp.dylib
0x00000001101ee000 	/Library/Java/JavaVirtualMachines/jdk1.8.0_181.jdk/Contents/Home/jre/lib/libnpt.dylib
0x0000000110a4b000 	/Library/Java/JavaVirtualMachines/jdk1.8.0_181.jdk/Contents/Home/jre/lib/libinstrument.dylib
0x0000000110a9f000 	/Library/Java/JavaVirtualMachines/jdk1.8.0_181.jdk/Contents/Home/jre/lib/libzip.dylib
0x00000001283f9000 	/Library/Java/JavaVirtualMachines/jdk1.8.0_181.jdk/Contents/Home/jre/lib/libdt_socket.dylib

VM Arguments:
jvm_args: -agentlib:jdwp=transport=dt_socket,address=127.0.0.1:54049,suspend=y,server=n -javaagent:/Users/cashify/Library/Caches/IntelliJIdea2018.2/captureAgent/debugger-agent.jar=file:/private/var/folders/pk/hf55647d59n63swvpx58czjc0000gn/T/capture.props -Dfile.encoding=UTF-8 
java_command: scheduler.com.utils.InsertionSort
java_class_path (initial): /Library/Java/JavaVirtualMachines/jdk1.8.0_181.jdk/Contents/Home/jre/lib/charsets.jar:/Library/Java/JavaVirtualMachines/jdk1.8.0_181.jdk/Contents/Home/jre/lib/deploy.jar:/Library/Java/JavaVirtualMachines/jdk1.8.0_181.jdk/Contents/Home/jre/lib/ext/cldrdata.jar:/Library/Java/JavaVirtualMachines/jdk1.8.0_181.jdk/Contents/Home/jre/lib/ext/dnsns.jar:/Library/Java/JavaVirtualMachines/jdk1.8.0_181.jdk/Contents/Home/jre/lib/ext/jaccess.jar:/Library/Java/JavaVirtualMachines/jdk1.8.0_181.jdk/Contents/Home/jre/lib/ext/jfxrt.jar:/Library/Java/JavaVirtualMachines/jdk1.8.0_181.jdk/Contents/Home/jre/lib/ext/localedata.jar:/Library/Java/JavaVirtualMachines/jdk1.8.0_181.jdk/Contents/Home/jre/lib/ext/nashorn.jar:/Library/Java/JavaVirtualMachines/jdk1.8.0_181.jdk/Contents/Home/jre/lib/ext/sunec.jar:/Library/Java/JavaVirtualMachines/jdk1.8.0_181.jdk/Contents/Home/jre/lib/ext/sunjce_provider.jar:/Library/Java/JavaVirtualMachines/jdk1.8.0_181.jdk/Contents/Home/jre/lib/ext/sunpkcs11.jar:/Library/Java/JavaVirtualMachines/jdk1.8.0_181.jdk/Contents/Home/jre/lib/ext/zipfs.jar:/Library/Java/JavaVirtualMachines/jdk1.8.0_181.jdk/Contents/Home/jre/lib/javaws.jar:/Library/Java/JavaVirtualMachines/jdk1.8.0_181.jdk/Contents/Home/jre/lib/jce.jar:/Library/Java/JavaVirtualMachines/jdk1.8.0_181.jdk/Contents/Home/jre/lib/jfr.jar:/Library/Java/JavaVirtualMachines/jdk1.8.0_181.jdk/Contents/Home/jre/lib/jfxswt.jar:/Library/Java/JavaVirtualMachines/jdk1.8.0_181.jdk/Contents/Home/jre/lib/jsse.jar:/Library/Java/JavaVirtualMachines/jdk1.8.0_181.jdk/Contents/Home/jre/lib/management-agent.jar:/Library/Java/JavaVirtualMachines/jdk1.8.0_181.jdk/Contents/Home/jre/lib/plugin.jar:/Library/Java/JavaVirtualMachines/jdk1.8.0_181.jdk/Contents/Home/jre/lib/resources.jar:/Library/Java/JavaVirtualMachines/jdk1.8.0_181.jdk/Contents/Home/jre/lib/rt.jar:/Library/Java/JavaVirtualMachines/jdk1.8.0_181.jdk/Contents/Home/lib/ant-javafx.jar:/Library/Java/JavaVirtualMachines/jdk1.8.0_181.jdk/Contents/Home
Launcher Type: SUN_STANDARD

Environment Variables:
JAVA_HOME=/Library/Java/Home
PATH=/usr/local/mysql/bin:/usr/local/bin:/usr/bin:/bin:/usr/sbin:/sbin
SHELL=/bin/bash

Signal Handlers:
SIGSEGV: [libjvm.dylib+0x5b6029], sa_mask[0]=11111111011111110111111111111111, sa_flags=SA_ONSTACK|SA_RESTART|SA_SIGINFO
SIGBUS: [libjvm.dylib+0x5b6029], sa_mask[0]=11111111011111110111111111111111, sa_flags=SA_RESTART|SA_SIGINFO
SIGFPE: [libjvm.dylib+0x48b934], sa_mask[0]=11111111011111110111111111111111, sa_flags=SA_RESTART|SA_SIGINFO
SIGPIPE: [libjvm.dylib+0x48b934], sa_mask[0]=11111111011111110111111111111111, sa_flags=SA_RESTART|SA_SIGINFO
SIGXFSZ: [libjvm.dylib+0x48b934], sa_mask[0]=11111111011111110111111111111111, sa_flags=SA_RESTART|SA_SIGINFO
SIGILL: [libjvm.dylib+0x48b934], sa_mask[0]=11111111011111110111111111111111, sa_flags=SA_RESTART|SA_SIGINFO
SIGUSR1: SIG_DFL, sa_mask[0]=00000000000000000000000000000000, sa_flags=none
SIGUSR2: [libjvm.dylib+0x48b452], sa_mask[0]=00100000000000000000000000000000, sa_flags=SA_RESTART|SA_SIGINFO
SIGHUP: [libjvm.dylib+0x489a1d], sa_mask[0]=11111111011111110111111111111111, sa_flags=SA_RESTART|SA_SIGINFO
SIGINT: [libjvm.dylib+0x489a1d], sa_mask[0]=11111111011111110111111111111111, sa_flags=SA_RESTART|SA_SIGINFO
SIGTERM: [libjvm.dylib+0x489a1d], sa_mask[0]=11111111011111110111111111111111, sa_flags=SA_RESTART|SA_SIGINFO
SIGQUIT: [libjvm.dylib+0x489a1d], sa_mask[0]=11111111011111110111111111111111, sa_flags=SA_RESTART|SA_SIGINFO


---------------  S Y S T E M  ---------------

OS:Bsduname:Darwin 14.0.0 Darwin Kernel Version 14.0.0: Fri Sep 19 00:26:44 PDT 2014; root:xnu-2782.1.97~2/RELEASE_X86_64 x86_64
rlimit: STACK 8192k, CORE 0k, NPROC 709, NOFILE 10240, AS infinity
load average:2.91 2.64 2.42

CPU:total 4 (initial active 4) (2 cores per cpu, 2 threads per core) family 6 model 58 stepping 9, cmov, cx8, fxsr, mmx, sse, sse2, sse3, ssse3, sse4.1, sse4.2, popcnt, avx, aes, clmul, erms, ht, tsc, tscinvbit, tscinv

Memory: 4k page, physical 8388608k(1126620k free)

/proc/meminfo:


vm_info: Java HotSpot(TM) 64-Bit Server VM (25.181-b13) for bsd-amd64 JRE (1.8.0_181-b13), built on Jul  7 2018 01:02:31 by "java_re" with gcc 4.2.1 (Based on Apple Inc. build 5658) (LLVM build 2336.11.00)

time: Sun Oct 14 21:06:19 2018
elapsed time: 165 seconds (0d 0h 2m 45s)

