#
# A fatal error has been detected by the Java Runtime Environment:
#
#  SIGBUS (0xa) at pc=0x00000001078a5160, pid=48479, tid=0x0000000000007903
#
# JRE version: Java(TM) SE Runtime Environment (8.0_181-b13) (build 1.8.0_181-b13)
# Java VM: Java HotSpot(TM) 64-Bit Server VM (25.181-b13 mixed mode bsd-amd64 compressed oops)
# Problematic frame:
# J 4212 C1 counter.com.dao.Impl.BaseDaoImpl.save(Ljava/lang/Object;)Ljava/lang/Object; (6 bytes) @ 0x00000001078a5160 [0x00000001078a5140+0x20]
#
# Failed to write core dump. Core dumps have been disabled. To enable core dumping, try "ulimit -c unlimited" before starting Java again
#
# If you would like to submit a bug report, please visit:
#   http://bugreport.java.com/bugreport/crash.jsp
#

---------------  T H R E A D  ---------------

Current thread (0x00007f9b4d570000):  JavaThread "http-nio-8080-exec-1" daemon [_thread_in_Java, id=30979, stack(0x0000000122cf0000,0x0000000122df0000)]

siginfo: si_signo: 10 (SIGBUS), si_code: 2 (BUS_ADRERR), si_addr: 0x0000000122cf0fb8

Registers:
RAX=0x00000007c0377028, RBX=0x00000007a4a51ef0, RCX=0x00000007a4a51ef0, RDX=0x000000079ec641c0
RSP=0x0000000122d04fb8, RBP=0x0000000122d6c1c8, RSI=0x00000007a4a51ef0, RDI=0x000000079ec641c0
R8 =0x0000000000000000, R9 =0x00007f9b4d570000, R10=0x00000007c0377028, R11=0x00000001078a5160
R12=0x0000000000000000, R13=0x0000000122d6c178, R14=0x0000000122b32fe0, R15=0x00007f9b4d570000
RIP=0x00000001078a5160, EFLAGS=0x0000000000010246, ERR=0x0000000000000006
  TRAPNO=0x000000000000000e

Top of Stack: (sp=0x0000000122d04fb8)
0x0000000122d04fb8:   00000001078a5194 0000000000000000
0x0000000122d04fc8:   0000000000000000 0000000022b32eb0
0x0000000122d04fd8:   0000000000000000 00000007a4a51ef0
0x0000000122d04fe8:   000000079ec641c0 0000000022b32eb0
0x0000000122d04ff8:   0000000000000000 0000000122d6c1c8
0x0000000122d05008:   00000001078a5194 0000000022b32eb0
0x0000000122d05018:   0000000000000000 0000000000000000
0x0000000122d05028:   0000000000000000 00000007a4a51ef0
0x0000000122d05038:   000000079ec641c0 0000000000000000
0x0000000122d05048:   0000000000000000 0000000122d6c1c8
0x0000000122d05058:   00000001078a5194 0000000000000000
0x0000000122d05068:   0000000000000000 0000000022b32eb0
0x0000000122d05078:   0000000000000000 00000007a4a51ef0
0x0000000122d05088:   000000079ec641c0 0000000022b32eb0
0x0000000122d05098:   0000000000000000 0000000122d6c1c8
0x0000000122d050a8:   00000001078a5194 0000000022b32eb0
0x0000000122d050b8:   0000000000000000 0000000000000000
0x0000000122d050c8:   0000000000000000 00000007a4a51ef0
0x0000000122d050d8:   000000079ec641c0 0000000000000000
0x0000000122d050e8:   0000000000000000 0000000122d6c1c8
0x0000000122d050f8:   00000001078a5194 0000000000000000
0x0000000122d05108:   0000000000000000 0000000022b32eb0
0x0000000122d05118:   0000000000000000 00000007a4a51ef0
0x0000000122d05128:   000000079ec641c0 0000000000000000
0x0000000122d05138:   0000000000000000 0000000122d6c1c8
0x0000000122d05148:   00000001078a5194 0000000022b32eb0
0x0000000122d05158:   0000000000000000 0000000000000000
0x0000000122d05168:   0000000000000000 00000007a4a51ef0
0x0000000122d05178:   000000079ec641c0 0000000000000000
0x0000000122d05188:   0000000000000000 0000000122d6c1c8
0x0000000122d05198:   00000001078a5194 0000000000000000
0x0000000122d051a8:   0000000000000000 0000000022b32eb0 

Instructions: (pc=0x00000001078a5160)
0x00000001078a5140:   44 8b 56 08 49 c1 e2 03 4c 3b d0 0f 85 0f 0d 7a
0x00000001078a5150:   ff 66 66 66 0f 1f 84 00 00 00 00 00 66 66 66 90
0x00000001078a5160:   89 84 24 00 c0 fe ff 55 48 83 ec 40 48 8b fa 48
0x00000001078a5170:   8b d7 48 8b de 48 8b f3 48 89 7c 24 28 48 89 5c 

Register to memory mapping:

RAX=0x00000007c0377028 is pointing into metadata
RBX=0x00000007a4a51ef0 is an oop
counter.com.dao.Impl.CounterDaoImpl 
 - klass: 'counter/com/dao/Impl/CounterDaoImpl'
RCX=0x00000007a4a51ef0 is an oop
counter.com.dao.Impl.CounterDaoImpl 
 - klass: 'counter/com/dao/Impl/CounterDaoImpl'
RDX=0x000000079ec641c0 is an oop
counter.com.model.NumberModel 
 - klass: 'counter/com/model/NumberModel'
RSP=0x0000000122d04fb8 is pointing into the stack for thread: 0x00007f9b4d570000
RBP=0x0000000122d6c1c8 is pointing into the stack for thread: 0x00007f9b4d570000
RSI=0x00000007a4a51ef0 is an oop
counter.com.dao.Impl.CounterDaoImpl 
 - klass: 'counter/com/dao/Impl/CounterDaoImpl'
RDI=0x000000079ec641c0 is an oop
counter.com.model.NumberModel 
 - klass: 'counter/com/model/NumberModel'
R8 =0x0000000000000000 is an unknown value
R9 =0x00007f9b4d570000 is a thread
R10=0x00000007c0377028 is pointing into metadata
R11=0x00000001078a5160 is at entry_point+32 in (nmethod*)0x00000001078a4fd0
R12=0x0000000000000000 is an unknown value
R13=0x0000000122d6c178 is pointing into the stack for thread: 0x00007f9b4d570000
R14=0x0000000122b32fe0 is pointing into metadata
R15=0x00007f9b4d570000 is a thread


Stack: [0x0000000122cf0000,0x0000000122df0000],  sp=0x0000000122d04fb8,  free space=83k
Native frames: (J=compiled Java code, j=interpreted, Vv=VM code, C=native code)
J 4212 C1 counter.com.dao.Impl.BaseDaoImpl.save(Ljava/lang/Object;)Ljava/lang/Object; (6 bytes) @ 0x00000001078a5160 [0x00000001078a5140+0x20]
C  0x0000000122d6c1c8


---------------  P R O C E S S  ---------------

Java Threads: ( => current thread )
  0x00007f9b4c402800 JavaThread "RMI TCP Connection(idle)" daemon [_thread_blocked, id=38667, stack(0x000000011fd33000,0x000000011fe33000)]
  0x00007f9b4c9c5000 JavaThread "RMI TCP Connection(idle)" daemon [_thread_blocked, id=38147, stack(0x0000000123b1a000,0x0000000123c1a000)]
  0x00007f9b4dca6800 JavaThread "RMI TCP Connection(idle)" daemon [_thread_blocked, id=25351, stack(0x000000011fe36000,0x000000011ff36000)]
  0x00007f9b4d1ba800 JavaThread "DestroyJavaVM" [_thread_blocked, id=3331, stack(0x000000010653f000,0x000000010663f000)]
  0x00007f9b4c1f2800 JavaThread "http-nio-8080-AsyncTimeout" daemon [_thread_blocked, id=37635, stack(0x0000000123a17000,0x0000000123b17000)]
  0x00007f9b4d571000 JavaThread "http-nio-8080-Acceptor-0" daemon [_thread_in_native, id=37123, stack(0x0000000123914000,0x0000000123a14000)]
  0x00007f9b4dca5800 JavaThread "http-nio-8080-ClientPoller-1" daemon [_thread_in_native, id=36611, stack(0x0000000123811000,0x0000000123911000)]
  0x00007f9b4dca3000 JavaThread "http-nio-8080-ClientPoller-0" daemon [_thread_in_native, id=36099, stack(0x000000012370e000,0x000000012380e000)]
  0x00007f9b4dca0000 JavaThread "http-nio-8080-exec-10" daemon [_thread_blocked, id=35587, stack(0x000000012360b000,0x000000012370b000)]
  0x00007f9b4d572800 JavaThread "http-nio-8080-exec-9" daemon [_thread_blocked, id=35075, stack(0x0000000123508000,0x0000000123608000)]
  0x00007f9b4dc9f800 JavaThread "http-nio-8080-exec-8" daemon [_thread_blocked, id=34563, stack(0x0000000123405000,0x0000000123505000)]
  0x00007f9b4dc9e800 JavaThread "http-nio-8080-exec-7" daemon [_thread_blocked, id=34051, stack(0x0000000123302000,0x0000000123402000)]
  0x00007f9b4c3e3800 JavaThread "http-nio-8080-exec-6" daemon [_thread_blocked, id=33539, stack(0x00000001231ff000,0x00000001232ff000)]
  0x00007f9b4dc9e000 JavaThread "http-nio-8080-exec-5" daemon [_thread_blocked, id=33027, stack(0x00000001230fc000,0x00000001231fc000)]
  0x00007f9b4c9d0000 JavaThread "http-nio-8080-exec-4" daemon [_thread_blocked, id=32515, stack(0x0000000122ff9000,0x00000001230f9000)]
  0x00007f9b4c9cd000 JavaThread "http-nio-8080-exec-3" daemon [_thread_blocked, id=32003, stack(0x0000000122ef6000,0x0000000122ff6000)]
  0x00007f9b4d571800 JavaThread "http-nio-8080-exec-2" daemon [_thread_blocked, id=31491, stack(0x0000000122df3000,0x0000000122ef3000)]
=>0x00007f9b4d570000 JavaThread "http-nio-8080-exec-1" daemon [_thread_in_Java, id=30979, stack(0x0000000122cf0000,0x0000000122df0000)]
  0x00007f9b4d2b0000 JavaThread "NioBlockingSelector.BlockPoller-1" daemon [_thread_in_native, id=30467, stack(0x0000000122bed000,0x0000000122ced000)]
  0x00007f9b4d521000 JavaThread "Live Reload Server" daemon [_thread_in_native, id=29959, stack(0x00000001228ea000,0x00000001229ea000)]
  0x00007f9b4c3cb000 JavaThread "File Watcher" daemon [_thread_blocked, id=29463, stack(0x00000001227e7000,0x00000001228e7000)]
  0x00007f9b4d178000 JavaThread "HikariPool-1 housekeeper" daemon [_thread_blocked, id=28419, stack(0x00000001219e1000,0x0000000121ae1000)]
  0x00007f9b4c89b800 JavaThread "Abandoned connection cleanup thread" daemon [_thread_blocked, id=27911, stack(0x00000001218de000,0x00000001219de000)]
  0x00007f9b4db2a800 JavaThread "container-0" [_thread_blocked, id=27395, stack(0x00000001215db000,0x00000001216db000)]
  0x00007f9b4db94800 JavaThread "ContainerBackgroundProcessor[StandardEngine[Tomcat]]" daemon [_thread_blocked, id=26883, stack(0x00000001214d8000,0x00000001215d8000)]
  0x00007f9b4c840800 JavaThread "RMI Scheduler(0)" daemon [_thread_blocked, id=24323, stack(0x000000011fa30000,0x000000011fb30000)]
  0x00007f9b4c8ca000 JavaThread "RMI TCP Connection(idle)" daemon [_thread_blocked, id=23811, stack(0x000000011f907000,0x000000011fa07000)]
  0x00007f9b4d9b5000 JavaThread "RMI TCP Connection(idle)" daemon [_thread_blocked, id=23299, stack(0x000000011f804000,0x000000011f904000)]
  0x00007f9b4c19e800 JavaThread "RMI TCP Accept-0" daemon [_thread_in_native, id=22275, stack(0x000000011f5fe000,0x000000011f6fe000)]
  0x00007f9b4c8c7000 JavaThread "RMI TCP Accept-51597" daemon [_thread_in_native, id=21763, stack(0x000000011f4fb000,0x000000011f5fb000)]
  0x00007f9b4d13f800 JavaThread "RMI TCP Accept-0" daemon [_thread_in_native, id=21511, stack(0x000000011f3f8000,0x000000011f4f8000)]
  0x00007f9b4d8d3000 JavaThread "Service Thread" daemon [_thread_blocked, id=19715, stack(0x000000011f273000,0x000000011f373000)]
  0x00007f9b4c158000 JavaThread "C1 CompilerThread2" daemon [_thread_blocked, id=19203, stack(0x000000011f170000,0x000000011f270000)]
  0x00007f9b4c83e000 JavaThread "C2 CompilerThread1" daemon [_thread_blocked, id=18691, stack(0x000000011f06d000,0x000000011f16d000)]
  0x00007f9b4c105000 JavaThread "C2 CompilerThread0" daemon [_thread_blocked, id=18179, stack(0x000000011ef6a000,0x000000011f06a000)]
  0x00007f9b4c834000 JavaThread "JDWP Event Helper Thread" daemon [_thread_blocked, id=17155, stack(0x000000011e9b9000,0x000000011eab9000)]
  0x00007f9b4c80d000 JavaThread "JDWP Transport Listener: dt_socket" daemon [_thread_in_vm, id=16643, stack(0x000000011e8b6000,0x000000011e9b6000)]
  0x00007f9b4c013800 JavaThread "Signal Dispatcher" daemon [_thread_blocked, id=13591, stack(0x000000011e7ac000,0x000000011e8ac000)]
  0x00007f9b4d837800 JavaThread "Finalizer" daemon [_thread_blocked, id=11523, stack(0x000000011ceac000,0x000000011cfac000)]
  0x00007f9b4d837000 JavaThread "Reference Handler" daemon [_thread_blocked, id=11011, stack(0x000000011cda9000,0x000000011cea9000)]

Other Threads:
  0x00007f9b4d830800 VMThread [stack: 0x000000011cca6000,0x000000011cda6000] [id=10499]
  0x00007f9b4d9b4800 WatcherThread [stack: 0x000000011f701000,0x000000011f801000] [id=22787]

VM state:not at safepoint (normal execution)

VM Mutex/Monitor currently owned by a thread: None

Heap:
 PSYoungGen      total 236544K, used 176960K [0x0000000795580000, 0x00000007a5700000, 0x00000007c0000000)
  eden space 222208K, 73% used [0x0000000795580000,0x000000079f456c68,0x00000007a2e80000)
  from space 14336K, 99% used [0x00000007a4900000,0x00000007a56f9458,0x00000007a5700000)
  to   space 16384K, 0% used [0x00000007a3700000,0x00000007a3700000,0x00000007a4700000)
 ParOldGen       total 90112K, used 20575K [0x0000000740000000, 0x0000000745800000, 0x0000000795580000)
  object space 90112K, 22% used [0x0000000740000000,0x0000000741417f70,0x0000000745800000)
 Metaspace       used 49015K, capacity 51470K, committed 51712K, reserved 1093632K
  class space    used 6657K, capacity 7117K, committed 7168K, reserved 1048576K

Card table byte_map: [0x00000001163c0000,0x00000001167c1000] byte_map_base: 0x00000001129c0000

Marking Bits: (ParMarkBitMap*) 0x0000000105e83cd0
 Begin Bits: [0x0000000116e78000, 0x0000000118e78000)
 End Bits:   [0x0000000118e78000, 0x000000011ae78000)

Polling page: 0x0000000106685000

CodeCache: size=245760Kb used=8847Kb max_used=8847Kb free=236912Kb
 bounds [0x0000000107000000, 0x00000001078b0000, 0x0000000116000000]
 total_blobs=4639 nmethods=4136 adapters=422
 compilation: enabled

Compilation events (10 events):
Event: 33.699 Thread 0x00007f9b4c158000 4206       1       java.lang.Thread::isInterrupted (6 bytes)
Event: 33.699 Thread 0x00007f9b4c158000 nmethod 4206 0x00000001078a3590 code [0x00000001078a3700, 0x00000001078a3848]
Event: 33.897 Thread 0x00007f9b4c158000 4207       1       java.io.File::list (33 bytes)
Event: 33.897 Thread 0x00007f9b4c158000 nmethod 4207 0x00000001078a3c50 code [0x00000001078a3de0, 0x00000001078a3fa8]
Event: 34.912 Thread 0x00007f9b4c158000 4209       1       java.io.File::listFiles (52 bytes)
Event: 34.913 Thread 0x00007f9b4c158000 nmethod 4209 0x00000001078a4050 code [0x00000001078a4200, 0x00000001078a45f8]
Event: 34.980 Thread 0x00007f9b4c158000 4210       1       java.io.File::length (33 bytes)
Event: 34.981 Thread 0x00007f9b4c158000 nmethod 4210 0x00000001078a4bd0 code [0x00000001078a4d60, 0x00000001078a4f28]
Event: 44.259 Thread 0x00007f9b4c158000 4212       1       counter.com.dao.Impl.BaseDaoImpl::save (6 bytes)
Event: 44.259 Thread 0x00007f9b4c158000 nmethod 4212 0x00000001078a4fd0 code [0x00000001078a5140, 0x00000001078a5288]

GC Heap History (10 events):
Event: 5.168 GC heap before
{Heap before GC invocations=8 (full 1):
 PSYoungGen      total 113664K, used 113276K [0x0000000795580000, 0x000000079e400000, 0x00000007c0000000)
  eden space 109568K, 100% used [0x0000000795580000,0x000000079c080000,0x000000079c080000)
  from space 4096K, 90% used [0x000000079e000000,0x000000079e39f1d0,0x000000079e400000)
  to   space 8704K, 0% used [0x000000079d300000,0x000000079d300000,0x000000079db80000)
 ParOldGen       total 54784K, used 7983K [0x0000000740000000, 0x0000000743580000, 0x0000000795580000)
  object space 54784K, 14% used [0x0000000740000000,0x00000007407cbff8,0x0000000743580000)
 Metaspace       used 26146K, capacity 27256K, committed 27392K, reserved 1073152K
  class space    used 3506K, capacity 3779K, committed 3840K, reserved 1048576K
Event: 5.178 GC heap after
Heap after GC invocations=8 (full 1):
 PSYoungGen      total 137216K, used 7888K [0x0000000795580000, 0x00000007a1380000, 0x00000007c0000000)
  eden space 128512K, 0% used [0x0000000795580000,0x0000000795580000,0x000000079d300000)
  from space 8704K, 90% used [0x000000079d300000,0x000000079dab41f8,0x000000079db80000)
  to   space 9728K, 0% used [0x00000007a0a00000,0x00000007a0a00000,0x00000007a1380000)
 ParOldGen       total 54784K, used 7991K [0x0000000740000000, 0x0000000743580000, 0x0000000795580000)
  object space 54784K, 14% used [0x0000000740000000,0x00000007407cdff8,0x0000000743580000)
 Metaspace       used 26146K, capacity 27256K, committed 27392K, reserved 1073152K
  class space    used 3506K, capacity 3779K, committed 3840K, reserved 1048576K
}
Event: 6.071 GC heap before
{Heap before GC invocations=9 (full 1):
 PSYoungGen      total 137216K, used 136400K [0x0000000795580000, 0x00000007a1380000, 0x00000007c0000000)
  eden space 128512K, 100% used [0x0000000795580000,0x000000079d300000,0x000000079d300000)
  from space 8704K, 90% used [0x000000079d300000,0x000000079dab41f8,0x000000079db80000)
  to   space 9728K, 0% used [0x00000007a0a00000,0x00000007a0a00000,0x00000007a1380000)
 ParOldGen       total 54784K, used 7991K [0x0000000740000000, 0x0000000743580000, 0x0000000795580000)
  object space 54784K, 14% used [0x0000000740000000,0x00000007407cdff8,0x0000000743580000)
 Metaspace       used 31081K, capacity 32632K, committed 32768K, reserved 1077248K
  class space    used 4169K, capacity 4505K, committed 4608K, reserved 1048576K
Event: 6.088 GC heap after
Heap after GC invocations=9 (full 1):
 PSYoungGen      total 181248K, used 9727K [0x0000000795580000, 0x00000007a3680000, 0x00000007c0000000)
  eden space 171520K, 0% used [0x0000000795580000,0x0000000795580000,0x000000079fd00000)
  from space 9728K, 99% used [0x00000007a0a00000,0x00000007a137fcf0,0x00000007a1380000)
  to   space 13312K, 0% used [0x000000079fd00000,0x000000079fd00000,0x00000007a0a00000)
 ParOldGen       total 54784K, used 13168K [0x0000000740000000, 0x0000000743580000, 0x0000000795580000)
  object space 54784K, 24% used [0x0000000740000000,0x0000000740cdc330,0x0000000743580000)
 Metaspace       used 31081K, capacity 32632K, committed 32768K, reserved 1077248K
  class space    used 4169K, capacity 4505K, committed 4608K, reserved 1048576K
}
Event: 6.576 GC heap before
{Heap before GC invocations=10 (full 1):
 PSYoungGen      total 181248K, used 84188K [0x0000000795580000, 0x00000007a3680000, 0x00000007c0000000)
  eden space 171520K, 43% used [0x0000000795580000,0x0000000799e37698,0x000000079fd00000)
  from space 9728K, 99% used [0x00000007a0a00000,0x00000007a137fcf0,0x00000007a1380000)
  to   space 13312K, 0% used [0x000000079fd00000,0x000000079fd00000,0x00000007a0a00000)
 ParOldGen       total 54784K, used 13168K [0x0000000740000000, 0x0000000743580000, 0x0000000795580000)
  object space 54784K, 24% used [0x0000000740000000,0x0000000740cdc330,0x0000000743580000)
 Metaspace       used 33906K, capacity 35444K, committed 35496K, reserved 1079296K
  class space    used 4498K, capacity 4831K, committed 4864K, reserved 1048576K
Event: 6.593 GC heap after
Heap after GC invocations=10 (full 1):
 PSYoungGen      total 184832K, used 11797K [0x0000000795580000, 0x00000007a5780000, 0x00000007c0000000)
  eden space 171520K, 0% used [0x0000000795580000,0x0000000795580000,0x000000079fd00000)
  from space 13312K, 88% used [0x000000079fd00000,0x00000007a08855d0,0x00000007a0a00000)
  to   space 14848K, 0% used [0x00000007a4900000,0x00000007a4900000,0x00000007a5780000)
 ParOldGen       total 54784K, used 14959K [0x0000000740000000, 0x0000000743580000, 0x0000000795580000)
  object space 54784K, 27% used [0x0000000740000000,0x0000000740e9be40,0x0000000743580000)
 Metaspace       used 33906K, capacity 35444K, committed 35496K, reserved 1079296K
  class space    used 4498K, capacity 4831K, committed 4864K, reserved 1048576K
}
Event: 6.593 GC heap before
{Heap before GC invocations=11 (full 2):
 PSYoungGen      total 184832K, used 11797K [0x0000000795580000, 0x00000007a5780000, 0x00000007c0000000)
  eden space 171520K, 0% used [0x0000000795580000,0x0000000795580000,0x000000079fd00000)
  from space 13312K, 88% used [0x000000079fd00000,0x00000007a08855d0,0x00000007a0a00000)
  to   space 14848K, 0% used [0x00000007a4900000,0x00000007a4900000,0x00000007a5780000)
 ParOldGen       total 54784K, used 14959K [0x0000000740000000, 0x0000000743580000, 0x0000000795580000)
  object space 54784K, 27% used [0x0000000740000000,0x0000000740e9be40,0x0000000743580000)
 Metaspace       used 33906K, capacity 35444K, committed 35496K, reserved 1079296K
  class space    used 4498K, capacity 4831K, committed 4864K, reserved 1048576K
Event: 6.688 GC heap after
Heap after GC invocations=11 (full 2):
 PSYoungGen      total 184832K, used 0K [0x0000000795580000, 0x00000007a5780000, 0x00000007c0000000)
  eden space 171520K, 0% used [0x0000000795580000,0x0000000795580000,0x000000079fd00000)
  from space 13312K, 0% used [0x000000079fd00000,0x000000079fd00000,0x00000007a0a00000)
  to   space 14848K, 0% used [0x00000007a4900000,0x00000007a4900000,0x00000007a5780000)
 ParOldGen       total 90112K, used 20567K [0x0000000740000000, 0x0000000745800000, 0x0000000795580000)
  object space 90112K, 22% used [0x0000000740000000,0x0000000741415f70,0x0000000745800000)
 Metaspace       used 33906K, capacity 35444K, committed 35496K, reserved 1079296K
  class space    used 4498K, capacity 4831K, committed 4864K, reserved 1048576K
}
Event: 8.299 GC heap before
{Heap before GC invocations=12 (full 2):
 PSYoungGen      total 184832K, used 171520K [0x0000000795580000, 0x00000007a5780000, 0x00000007c0000000)
  eden space 171520K, 100% used [0x0000000795580000,0x000000079fd00000,0x000000079fd00000)
  from space 13312K, 0% used [0x000000079fd00000,0x000000079fd00000,0x00000007a0a00000)
  to   space 14848K, 0% used [0x00000007a4900000,0x00000007a4900000,0x00000007a5780000)
 ParOldGen       total 90112K, used 20567K [0x0000000740000000, 0x0000000745800000, 0x0000000795580000)
  object space 90112K, 22% used [0x0000000740000000,0x0000000741415f70,0x0000000745800000)
 Metaspace       used 45622K, capacity 47656K, committed 47872K, reserved 1091584K
  class space    used 6184K, capacity 6603K, committed 6656K, reserved 1048576K
Event: 8.316 GC heap after
Heap after GC invocations=12 (full 2):
 PSYoungGen      total 236544K, used 14309K [0x0000000795580000, 0x00000007a5700000, 0x00000007c0000000)
  eden space 222208K, 0% used [0x0000000795580000,0x0000000795580000,0x00000007a2e80000)
  from space 14336K, 99% used [0x00000007a4900000,0x00000007a56f9458,0x00000007a5700000)
  to   space 16384K, 0% used [0x00000007a3700000,0x00000007a3700000,0x00000007a4700000)
 ParOldGen       total 90112K, used 20575K [0x0000000740000000, 0x0000000745800000, 0x0000000795580000)
  object space 90112K, 22% used [0x0000000740000000,0x0000000741417f70,0x0000000745800000)
 Metaspace       used 45622K, capacity 47656K, committed 47872K, reserved 1091584K
  class space    used 6184K, capacity 6603K, committed 6656K, reserved 1048576K
}

Deoptimization events (0 events):
No events

Classes redefined (0 events):
No events

Internal exceptions (10 events):
Event: 13.538 Thread 0x00007f9b4d570000 Exception <a 'java/lang/ClassNotFoundException': org/springframework/web/servlet/theme/FixedThemeResolverCustomizer> (0x000000079e900c60) thrown at [/Users/java_re/workspace/8-2-build-macosx-x86_64/jdk8u181/11358/hotspot/src/share/vm/classfile/systemDicti
Event: 13.540 Thread 0x00007f9b4d570000 Exception <a 'java/lang/ClassNotFoundException': org/springframework/web/servlet/ThemeResolverCustomizer> (0x000000079e91d388) thrown at [/Users/java_re/workspace/8-2-build-macosx-x86_64/jdk8u181/11358/hotspot/src/share/vm/classfile/systemDictionary.cpp, 
Event: 13.544 Thread 0x00007f9b4d570000 Exception <a 'java/lang/ClassNotFoundException': java/lang/ObjectCustomizer> (0x000000079e94aac8) thrown at [/Users/java_re/workspace/8-2-build-macosx-x86_64/jdk8u181/11358/hotspot/src/share/vm/classfile/systemDictionary.cpp, line 210]
Event: 13.545 Thread 0x00007f9b4d570000 Exception <a 'java/lang/ClassNotFoundException': org/springframework/web/servlet/view/DefaultRequestToViewNameTranslatorCustomizer> (0x000000079e96e660) thrown at [/Users/java_re/workspace/8-2-build-macosx-x86_64/jdk8u181/11358/hotspot/src/share/vm/classf
Event: 13.546 Thread 0x00007f9b4d570000 Exception <a 'java/lang/ClassNotFoundException': org/springframework/web/servlet/RequestToViewNameTranslatorCustomizer> (0x000000079e99d410) thrown at [/Users/java_re/workspace/8-2-build-macosx-x86_64/jdk8u181/11358/hotspot/src/share/vm/classfile/systemDi
Event: 13.551 Thread 0x00007f9b4d570000 Exception <a 'java/lang/ClassNotFoundException': java/lang/ObjectCustomizer> (0x000000079e9e5bb0) thrown at [/Users/java_re/workspace/8-2-build-macosx-x86_64/jdk8u181/11358/hotspot/src/share/vm/classfile/systemDictionary.cpp, line 210]
Event: 13.552 Thread 0x00007f9b4d570000 Exception <a 'java/lang/ClassNotFoundException': org/springframework/web/servlet/support/AbstractFlashMapManagerCustomizer> (0x000000079ea07418) thrown at [/Users/java_re/workspace/8-2-build-macosx-x86_64/jdk8u181/11358/hotspot/src/share/vm/classfile/syst
Event: 13.554 Thread 0x00007f9b4d570000 Exception <a 'java/lang/ClassNotFoundException': org/springframework/web/servlet/support/SessionFlashMapManagerCustomizer> (0x000000079ea2cbb8) thrown at [/Users/java_re/workspace/8-2-build-macosx-x86_64/jdk8u181/11358/hotspot/src/share/vm/classfile/syste
Event: 13.555 Thread 0x00007f9b4d570000 Exception <a 'java/lang/ClassNotFoundException': org/springframework/web/servlet/FlashMapManagerCustomizer> (0x000000079ea48fa8) thrown at [/Users/java_re/workspace/8-2-build-macosx-x86_64/jdk8u181/11358/hotspot/src/share/vm/classfile/systemDictionary.cpp
Event: 35.199 Thread 0x00007f9b4d570000 Exception <a 'java/lang/StackOverflowError'> (0x000000079efde3c8) thrown at [/Users/java_re/workspace/8-2-build-macosx-x86_64/jdk8u181/11358/hotspot/src/share/vm/interpreter/interpreterRuntime.cpp, line 323]

Events (10 events):
Event: 35.199 Executing VM operation: ForceSafepoint done
Event: 35.202 Executing VM operation: ForceSafepoint
Event: 35.202 Executing VM operation: ForceSafepoint done
Event: 44.257 Executing VM operation: ForceSafepoint
Event: 44.258 Executing VM operation: ForceSafepoint done
Event: 44.258 Thread 0x00007f9b4c834800 Thread exited: 0x00007f9b4c834800
Event: 44.258 Executing VM operation: ChangeBreakpoints
Event: 44.258 Executing VM operation: ChangeBreakpoints done
Event: 44.258 Executing VM operation: ChangeBreakpoints
Event: 44.258 Executing VM operation: ChangeBreakpoints done


Dynamic libraries:
0x00007fff8802b000 	/System/Library/Frameworks/Cocoa.framework/Versions/A/Cocoa
0x00007fff939c8000 	/System/Library/Frameworks/Security.framework/Versions/A/Security
0x00007fff8bc92000 	/System/Library/Frameworks/ApplicationServices.framework/Versions/A/ApplicationServices
0x00007fff8df49000 	/usr/lib/libz.1.dylib
0x00007fff8ee1e000 	/usr/lib/libSystem.B.dylib
0x00007fff8f992000 	/usr/lib/libobjc.A.dylib
0x00007fff8927f000 	/System/Library/Frameworks/CoreFoundation.framework/Versions/A/CoreFoundation
0x00007fff8835a000 	/System/Library/Frameworks/Foundation.framework/Versions/C/Foundation
0x00007fff873c9000 	/System/Library/Frameworks/AppKit.framework/Versions/C/AppKit
0x00007fff940b9000 	/System/Library/Frameworks/CoreData.framework/Versions/A/CoreData
0x00007fff8a7c2000 	/System/Library/PrivateFrameworks/RemoteViewServices.framework/Versions/A/RemoteViewServices
0x00007fff8ec94000 	/System/Library/PrivateFrameworks/UIFoundation.framework/Versions/A/UIFoundation
0x00007fff8bbb3000 	/System/Library/Frameworks/IOSurface.framework/Versions/A/IOSurface
0x00007fff8e3d5000 	/System/Library/Frameworks/AudioToolbox.framework/Versions/A/AudioToolbox
0x00007fff91056000 	/System/Library/Frameworks/AudioUnit.framework/Versions/A/AudioUnit
0x00007fff8eaf2000 	/System/Library/PrivateFrameworks/DataDetectorsCore.framework/Versions/A/DataDetectorsCore
0x00007fff8e541000 	/System/Library/PrivateFrameworks/DesktopServicesPriv.framework/Versions/A/DesktopServicesPriv
0x00007fff88e67000 	/System/Library/Frameworks/Carbon.framework/Versions/A/Frameworks/HIToolbox.framework/Versions/A/HIToolbox
0x00007fff916b9000 	/System/Library/Frameworks/QuartzCore.framework/Versions/A/QuartzCore
0x00007fff93cab000 	/System/Library/Frameworks/Carbon.framework/Versions/A/Frameworks/SpeechRecognition.framework/Versions/A/SpeechRecognition
0x00007fff8b18b000 	/usr/lib/libauto.dylib
0x00007fff8b772000 	/usr/lib/libicucore.A.dylib
0x00007fff8544c000 	/usr/lib/libxml2.2.dylib
0x00007fff8729e000 	/System/Library/PrivateFrameworks/CoreUI.framework/Versions/A/CoreUI
0x00007fff8a278000 	/System/Library/Frameworks/CoreAudio.framework/Versions/A/CoreAudio
0x00007fff91db9000 	/System/Library/Frameworks/DiskArbitration.framework/Versions/A/DiskArbitration
0x00007fff8591c000 	/usr/lib/liblangid.dylib
0x00007fff88769000 	/System/Library/PrivateFrameworks/MultitouchSupport.framework/Versions/A/MultitouchSupport
0x00007fff8de5c000 	/System/Library/Frameworks/IOKit.framework/Versions/A/IOKit
0x00007fff8544a000 	/usr/lib/libDiagnosticMessagesClient.dylib
0x00007fff90934000 	/System/Library/Frameworks/CoreServices.framework/Versions/A/CoreServices
0x00007fff91c7c000 	/System/Library/PrivateFrameworks/PerformanceAnalysis.framework/Versions/A/PerformanceAnalysis
0x00007fff912fe000 	/System/Library/PrivateFrameworks/GenerationalStorage.framework/Versions/A/GenerationalStorage
0x00007fff8fc08000 	/System/Library/Frameworks/OpenGL.framework/Versions/A/OpenGL
0x00007fff91abb000 	/System/Library/PrivateFrameworks/Sharing.framework/Versions/A/Sharing
0x00007fff900cd000 	/System/Library/Frameworks/CoreGraphics.framework/Versions/A/CoreGraphics
0x00007fff8d8b1000 	/System/Library/Frameworks/CoreText.framework/Versions/A/CoreText
0x00007fff8e0c2000 	/System/Library/Frameworks/ImageIO.framework/Versions/A/ImageIO
0x00007fff896ce000 	/usr/lib/libextension.dylib
0x00007fff87f6b000 	/System/Library/PrivateFrameworks/Backup.framework/Versions/A/Backup
0x00007fff8803a000 	/usr/lib/libarchive.2.dylib
0x00007fff8bc93000 	/System/Library/Frameworks/CFNetwork.framework/Versions/A/CFNetwork
0x00007fff8a169000 	/System/Library/Frameworks/SystemConfiguration.framework/Versions/A/SystemConfiguration
0x00007fff91bef000 	/usr/lib/libCRFSuite.dylib
0x00007fff92fff000 	/usr/lib/libc++.1.dylib
0x00007fff93de0000 	/usr/lib/libc++abi.dylib
0x00007fff8a7ba000 	/usr/lib/system/libcache.dylib
0x00007fff8a147000 	/usr/lib/system/libcommonCrypto.dylib
0x00007fff8b76a000 	/usr/lib/system/libcompiler_rt.dylib
0x00007fff8a795000 	/usr/lib/system/libcopyfile.dylib
0x00007fff8ddc7000 	/usr/lib/system/libcorecrypto.dylib
0x00007fff8fc17000 	/usr/lib/system/libdispatch.dylib
0x00007fff93e94000 	/usr/lib/system/libdyld.dylib
0x00007fff8ea31000 	/usr/lib/system/libkeymgr.dylib
0x00007fff8beaa000 	/usr/lib/system/liblaunch.dylib
0x00007fff89ce6000 	/usr/lib/system/libmacho.dylib
0x00007fff8b963000 	/usr/lib/system/libquarantine.dylib
0x00007fff8f87e000 	/usr/lib/system/libremovefile.dylib
0x00007fff8a261000 	/usr/lib/system/libsystem_asl.dylib
0x00007fff9103a000 	/usr/lib/system/libsystem_blocks.dylib
0x00007fff8fcc4000 	/usr/lib/system/libsystem_c.dylib
0x00007fff8fb85000 	/usr/lib/system/libsystem_configuration.dylib
0x00007fff91951000 	/usr/lib/system/libsystem_coreservices.dylib
0x00007fff8a1e2000 	/usr/lib/system/libsystem_coretls.dylib
0x00007fff8be97000 	/usr/lib/system/libsystem_dnssd.dylib
0x00007fff887c1000 	/usr/lib/system/libsystem_info.dylib
0x00007fff8878f000 	/usr/lib/system/libsystem_kernel.dylib
0x00007fff8fb88000 	/usr/lib/system/libsystem_m.dylib
0x00007fff948ed000 	/usr/lib/system/libsystem_malloc.dylib
0x00007fff89616000 	/usr/lib/system/libsystem_network.dylib
0x00007fff9131b000 	/usr/lib/system/libsystem_networkextension.dylib
0x00007fff8d148000 	/usr/lib/system/libsystem_notify.dylib
0x00007fff867d1000 	/usr/lib/system/libsystem_platform.dylib
0x00007fff8d886000 	/usr/lib/system/libsystem_pthread.dylib
0x00007fff8b508000 	/usr/lib/system/libsystem_sandbox.dylib
0x00007fff91a4b000 	/usr/lib/system/libsystem_secinit.dylib
0x00007fff8e976000 	/usr/lib/system/libsystem_stats.dylib
0x00007fff93e8d000 	/usr/lib/system/libsystem_trace.dylib
0x00007fff8d8a2000 	/usr/lib/system/libunc.dylib
0x00007fff88104000 	/usr/lib/system/libunwind.dylib
0x00007fff88331000 	/usr/lib/system/libxpc.dylib
0x00007fff8d8a3000 	/usr/lib/libbz2.1.0.dylib
0x00007fff9101f000 	/usr/lib/liblzma.5.dylib
0x00007fff8dece000 	/usr/lib/libbsm.0.dylib
0x00007fff8e7db000 	/usr/lib/libsqlite3.dylib
0x00007fff8f838000 	/usr/lib/system/libkxld.dylib
0x00007fff85288000 	/usr/lib/libxar.1.dylib
0x00007fff85917000 	/usr/lib/libpam.2.dylib
0x00007fff8f116000 	/usr/lib/libOpenScriptingUtil.dylib
0x00007fff8a0cb000 	/System/Library/Frameworks/CoreServices.framework/Versions/A/Frameworks/FSEvents.framework/Versions/A/FSEvents
0x00007fff8b1d2000 	/System/Library/Frameworks/CoreServices.framework/Versions/A/Frameworks/CarbonCore.framework/Versions/A/CarbonCore
0x00007fff8e992000 	/System/Library/Frameworks/CoreServices.framework/Versions/A/Frameworks/Metadata.framework/Versions/A/Metadata
0x00007fff8ff49000 	/System/Library/Frameworks/CoreServices.framework/Versions/A/Frameworks/OSServices.framework/Versions/A/OSServices
0x00007fff94803000 	/System/Library/Frameworks/CoreServices.framework/Versions/A/Frameworks/SearchKit.framework/Versions/A/SearchKit
0x00007fff87f0b000 	/System/Library/Frameworks/CoreServices.framework/Versions/A/Frameworks/AE.framework/Versions/A/AE
0x00007fff8b5e8000 	/System/Library/Frameworks/CoreServices.framework/Versions/A/Frameworks/LaunchServices.framework/Versions/A/LaunchServices
0x00007fff8e6c9000 	/System/Library/Frameworks/CoreServices.framework/Versions/A/Frameworks/DictionaryServices.framework/Versions/A/DictionaryServices
0x00007fff91949000 	/System/Library/Frameworks/NetFS.framework/Versions/A/NetFS
0x00007fff947f8000 	/System/Library/PrivateFrameworks/NetAuth.framework/Versions/A/NetAuth
0x00007fff8e973000 	/System/Library/PrivateFrameworks/login.framework/Versions/A/Frameworks/loginsupport.framework/Versions/A/loginsupport
0x00007fff8810a000 	/System/Library/PrivateFrameworks/TCC.framework/Versions/A/TCC
0x00007fff8a361000 	/usr/lib/libmecabra.dylib
0x00007fff8e669000 	/System/Library/PrivateFrameworks/LanguageModeling.framework/Versions/A/LanguageModeling
0x00007fff8d890000 	/usr/lib/libcmph.dylib
0x00007fff8bab0000 	/usr/lib/libiconv.2.dylib
0x00007fff880e9000 	/System/Library/Frameworks/OpenDirectory.framework/Versions/A/Frameworks/CFOpenDirectory.framework/Versions/A/CFOpenDirectory
0x00007fff89cec000 	/System/Library/Frameworks/ServiceManagement.framework/Versions/A/ServiceManagement
0x00007fff93f1b000 	/usr/lib/libxslt.1.dylib
0x00007fff90f8a000 	/System/Library/Frameworks/Carbon.framework/Versions/A/Frameworks/Ink.framework/Versions/A/Ink
0x00007fff8f61b000 	/System/Library/Frameworks/ApplicationServices.framework/Versions/A/Frameworks/ATS.framework/Versions/A/ATS
0x00007fff8a6ff000 	/System/Library/Frameworks/ApplicationServices.framework/Versions/A/Frameworks/ColorSync.framework/Versions/A/ColorSync
0x00007fff8809f000 	/System/Library/Frameworks/ApplicationServices.framework/Versions/A/Frameworks/HIServices.framework/Versions/A/HIServices
0x00007fff8bba3000 	/System/Library/Frameworks/ApplicationServices.framework/Versions/A/Frameworks/LangAnalysis.framework/Versions/A/LangAnalysis
0x00007fff89e19000 	/System/Library/Frameworks/ApplicationServices.framework/Versions/A/Frameworks/PrintCore.framework/Versions/A/PrintCore
0x00007fff8fc51000 	/System/Library/Frameworks/ApplicationServices.framework/Versions/A/Frameworks/QD.framework/Versions/A/QD
0x00007fff92226000 	/System/Library/Frameworks/ApplicationServices.framework/Versions/A/Frameworks/SpeechSynthesis.framework/Versions/A/SpeechSynthesis
0x00007fff900cc000 	/System/Library/Frameworks/Accelerate.framework/Versions/A/Accelerate
0x00007fff862cf000 	/System/Library/Frameworks/Accelerate.framework/Versions/A/Frameworks/vImage.framework/Versions/A/vImage
0x00007fff93e98000 	/System/Library/Frameworks/Accelerate.framework/Versions/A/Frameworks/vecLib.framework/Versions/A/vecLib
0x00007fff8d9ca000 	/System/Library/Frameworks/Accelerate.framework/Versions/A/Frameworks/vecLib.framework/Versions/A/libvDSP.dylib
0x00007fff8f774000 	/System/Library/Frameworks/Accelerate.framework/Versions/A/Frameworks/vecLib.framework/Versions/A/libvMisc.dylib
0x00007fff8f20d000 	/System/Library/Frameworks/Accelerate.framework/Versions/A/Frameworks/vecLib.framework/Versions/A/libLAPACK.dylib
0x00007fff92c25000 	/System/Library/Frameworks/Accelerate.framework/Versions/A/Frameworks/vecLib.framework/Versions/A/libBLAS.dylib
0x00007fff8de44000 	/System/Library/Frameworks/Accelerate.framework/Versions/A/Frameworks/vecLib.framework/Versions/A/libLinearAlgebra.dylib
0x00007fff8f118000 	/System/Library/Frameworks/ApplicationServices.framework/Versions/A/Frameworks/ATS.framework/Versions/A/Resources/libFontParser.dylib
0x00007fff8fe51000 	/System/Library/Frameworks/ApplicationServices.framework/Versions/A/Frameworks/ATS.framework/Versions/A/Resources/libFontRegistry.dylib
0x00007fff8df2e000 	/System/Library/PrivateFrameworks/AppleVPA.framework/Versions/A/AppleVPA
0x00007fff8e70d000 	/System/Library/PrivateFrameworks/AppleJPEG.framework/Versions/A/AppleJPEG
0x00007fff858c2000 	/System/Library/Frameworks/ImageIO.framework/Versions/A/Resources/libJPEG.dylib
0x00007fff8bc36000 	/System/Library/Frameworks/ImageIO.framework/Versions/A/Resources/libTIFF.dylib
0x00007fff8ff23000 	/System/Library/Frameworks/ImageIO.framework/Versions/A/Resources/libPng.dylib
0x00007fff8a695000 	/System/Library/Frameworks/ImageIO.framework/Versions/A/Resources/libGIF.dylib
0x00007fff8eb99000 	/System/Library/Frameworks/ImageIO.framework/Versions/A/Resources/libJP2.dylib
0x00007fff91954000 	/System/Library/Frameworks/ImageIO.framework/Versions/A/Resources/libRadiance.dylib
0x00007fff8e7ad000 	/System/Library/Frameworks/CoreVideo.framework/Versions/A/CoreVideo
0x00007fff8a1f7000 	/System/Library/Frameworks/OpenGL.framework/Versions/A/Libraries/libGLU.dylib
0x00007fff88785000 	/System/Library/Frameworks/OpenGL.framework/Versions/A/Libraries/libGFXShared.dylib
0x00007fff8e6f5000 	/System/Library/Frameworks/OpenGL.framework/Versions/A/Libraries/libGL.dylib
0x00007fff8a0d4000 	/System/Library/Frameworks/OpenGL.framework/Versions/A/Libraries/libGLImage.dylib
0x00007fff8fc05000 	/System/Library/Frameworks/OpenGL.framework/Versions/A/Libraries/libCVMSPluginSupport.dylib
0x00007fff85445000 	/System/Library/Frameworks/OpenGL.framework/Versions/A/Libraries/libCoreVMClient.dylib
0x00007fff918fc000 	/usr/lib/libcups.2.dylib
0x00007fff8964f000 	/System/Library/Frameworks/Kerberos.framework/Versions/A/Kerberos
0x00007fff8eac1000 	/System/Library/Frameworks/GSS.framework/Versions/A/GSS
0x00007fff918de000 	/usr/lib/libresolv.9.dylib
0x00007fff93cc1000 	/System/Library/PrivateFrameworks/Heimdal.framework/Versions/A/Heimdal
0x00007fff8dda5000 	/usr/lib/libheimdal-asn1.dylib
0x00007fff8fb78000 	/System/Library/Frameworks/OpenDirectory.framework/Versions/A/OpenDirectory
0x00007fff90dc4000 	/System/Library/PrivateFrameworks/CommonAuth.framework/Versions/A/CommonAuth
0x00007fff8d1e4000 	/System/Library/Frameworks/SecurityFoundation.framework/Versions/A/SecurityFoundation
0x00007fff8becf000 	/System/Library/Frameworks/QuartzCore.framework/Versions/A/Frameworks/CoreImage.framework/Versions/A/CoreImage
0x00007fff86b09000 	/System/Library/PrivateFrameworks/CrashReporterSupport.framework/Versions/A/CrashReporterSupport
0x00007fff946e9000 	/System/Library/Frameworks/OpenCL.framework/Versions/A/OpenCL
0x00007fff91df5000 	/System/Library/PrivateFrameworks/FaceCore.framework/Versions/A/FaceCore
0x00007fff92e71000 	/System/Library/PrivateFrameworks/Ubiquity.framework/Versions/A/Ubiquity
0x00007fff90e01000 	/System/Library/PrivateFrameworks/IconServices.framework/Versions/A/IconServices
0x00007fff86b18000 	/System/Library/PrivateFrameworks/ChunkingLibrary.framework/Versions/A/ChunkingLibrary
0x00007fff92b6a000 	/System/Library/PrivateFrameworks/Apple80211.framework/Versions/A/Apple80211
0x00007fff91b47000 	/System/Library/Frameworks/CoreWLAN.framework/Versions/A/CoreWLAN
0x00007fff85990000 	/System/Library/Frameworks/IOBluetooth.framework/Versions/A/IOBluetooth
0x00007fff91adf000 	/System/Library/PrivateFrameworks/CoreWiFi.framework/Versions/A/CoreWiFi
0x00007fff896b2000 	/System/Library/Frameworks/CoreBluetooth.framework/Versions/A/CoreBluetooth
0x00007fff91bb4000 	/System/Library/PrivateFrameworks/DebugSymbols.framework/Versions/A/DebugSymbols
0x00007fff8d2db000 	/System/Library/PrivateFrameworks/CoreSymbolication.framework/Versions/A/CoreSymbolication
0x00007fff94739000 	/System/Library/PrivateFrameworks/Symbolication.framework/Versions/A/Symbolication
0x00007fff8eb5a000 	/System/Library/PrivateFrameworks/SpeechRecognitionCore.framework/Versions/A/SpeechRecognitionCore
0x000000010558a000 	/Library/Java/JavaVirtualMachines/jdk1.8.0_181.jdk/Contents/Home/jre/lib/server/libjvm.dylib
0x00007fff85296000 	/usr/lib/libstdc++.6.dylib
0x0000000106641000 	/Library/Java/JavaVirtualMachines/jdk1.8.0_181.jdk/Contents/Home/jre/lib/libverify.dylib
0x000000010664f000 	/Library/Java/JavaVirtualMachines/jdk1.8.0_181.jdk/Contents/Home/jre/lib/libjava.dylib
0x000000010669d000 	/Library/Java/JavaVirtualMachines/jdk1.8.0_181.jdk/Contents/Home/jre/lib/libjdwp.dylib
0x00000001066e8000 	/Library/Java/JavaVirtualMachines/jdk1.8.0_181.jdk/Contents/Home/jre/lib/libnpt.dylib
0x00000001066ec000 	/Library/Java/JavaVirtualMachines/jdk1.8.0_181.jdk/Contents/Home/jre/lib/libinstrument.dylib
0x000000010674a000 	/Library/Java/JavaVirtualMachines/jdk1.8.0_181.jdk/Contents/Home/jre/lib/libzip.dylib
0x000000011e8ae000 	/Library/Java/JavaVirtualMachines/jdk1.8.0_181.jdk/Contents/Home/jre/lib/libdt_socket.dylib
0x000000011f375000 	/Library/Java/JavaVirtualMachines/jdk1.8.0_181.jdk/Contents/Home/jre/lib/libmanagement.dylib
0x000000011f383000 	/Library/Java/JavaVirtualMachines/jdk1.8.0_181.jdk/Contents/Home/jre/lib/libnet.dylib
0x000000011f3e2000 	/Library/Java/JavaVirtualMachines/jdk1.8.0_181.jdk/Contents/Home/jre/lib/libnio.dylib

VM Arguments:
jvm_args: -agentlib:jdwp=transport=dt_socket,address=127.0.0.1:51598,suspend=y,server=n -XX:TieredStopAtLevel=1 -Xverify:none -Dspring.output.ansi.enabled=always -Dcom.sun.management.jmxremote -Dcom.sun.management.jmxremote.port=51597 -Dcom.sun.management.jmxremote.authenticate=false -Dcom.sun.management.jmxremote.ssl=false -Djava.rmi.server.hostname=127.0.0.1 -Dspring.liveBeansView.mbeanDomain -Dspring.application.admin.enabled=true -javaagent:/Users/cashify/Library/Caches/IntelliJIdea2018.2/captureAgent/debugger-agent.jar=file:/private/var/folders/pk/hf55647d59n63swvpx58czjc0000gn/T/capture.props -Dfile.encoding=UTF-8 
java_command: counter.com.CounterApplication
java_class_path (initial): /Library/Java/JavaVirtualMachines/jdk1.8.0_181.jdk/Contents/Home/jre/lib/charsets.jar:/Library/Java/JavaVirtualMachines/jdk1.8.0_181.jdk/Contents/Home/jre/lib/deploy.jar:/Library/Java/JavaVirtualMachines/jdk1.8.0_181.jdk/Contents/Home/jre/lib/ext/cldrdata.jar:/Library/Java/JavaVirtualMachines/jdk1.8.0_181.jdk/Contents/Home/jre/lib/ext/dnsns.jar:/Library/Java/JavaVirtualMachines/jdk1.8.0_181.jdk/Contents/Home/jre/lib/ext/jaccess.jar:/Library/Java/JavaVirtualMachines/jdk1.8.0_181.jdk/Contents/Home/jre/lib/ext/jfxrt.jar:/Library/Java/JavaVirtualMachines/jdk1.8.0_181.jdk/Contents/Home/jre/lib/ext/localedata.jar:/Library/Java/JavaVirtualMachines/jdk1.8.0_181.jdk/Contents/Home/jre/lib/ext/nashorn.jar:/Library/Java/JavaVirtualMachines/jdk1.8.0_181.jdk/Contents/Home/jre/lib/ext/sunec.jar:/Library/Java/JavaVirtualMachines/jdk1.8.0_181.jdk/Contents/Home/jre/lib/ext/sunjce_provider.jar:/Library/Java/JavaVirtualMachines/jdk1.8.0_181.jdk/Contents/Home/jre/lib/ext/sunpkcs11.jar:/Library/Java/JavaVirtualMachines/jdk1.8.0_181.jdk/Contents/Home/jre/lib/ext/zipfs.jar:/Library/Java/JavaVirtualMachines/jdk1.8.0_181.jdk/Contents/Home/jre/lib/javaws.jar:/Library/Java/JavaVirtualMachines/jdk1.8.0_181.jdk/Contents/Home/jre/lib/jce.jar:/Library/Java/JavaVirtualMachines/jdk1.8.0_181.jdk/Contents/Home/jre/lib/jfr.jar:/Library/Java/JavaVirtualMachines/jdk1.8.0_181.jdk/Contents/Home/jre/lib/jfxswt.jar:/Library/Java/JavaVirtualMachines/jdk1.8.0_181.jdk/Contents/Home/jre/lib/jsse.jar:/Library/Java/JavaVirtualMachines/jdk1.8.0_181.jdk/Contents/Home/jre/lib/management-agent.jar:/Library/Java/JavaVirtualMachines/jdk1.8.0_181.jdk/Contents/Home/jre/lib/plugin.jar:/Library/Java/JavaVirtualMachines/jdk1.8.0_181.jdk/Contents/Home/jre/lib/resources.jar:/Library/Java/JavaVirtualMachines/jdk1.8.0_181.jdk/Contents/Home/jre/lib/rt.jar:/Library/Java/JavaVirtualMachines/jdk1.8.0_181.jdk/Contents/Home/lib/ant-javafx.jar:/Library/Java/JavaVirtualMachines/jdk1.8.0_181.jdk/Contents/Home
Launcher Type: SUN_STANDARD

Environment Variables:
JAVA_HOME=/Library/Java/Home
PATH=/usr/local/mysql/bin:/usr/local/bin:/usr/bin:/bin:/usr/sbin:/sbin
SHELL=/bin/bash

Signal Handlers:
SIGSEGV: [libjvm.dylib+0x5b6029], sa_mask[0]=11111111011111110111111111111111, sa_flags=SA_ONSTACK|SA_RESTART|SA_SIGINFO
SIGBUS: [libjvm.dylib+0x5b6029], sa_mask[0]=11111111011111110111111111111111, sa_flags=SA_RESTART|SA_SIGINFO
SIGFPE: [libjvm.dylib+0x48b934], sa_mask[0]=11111111011111110111111111111111, sa_flags=SA_RESTART|SA_SIGINFO
SIGPIPE: [libjvm.dylib+0x48b934], sa_mask[0]=11111111011111110111111111111111, sa_flags=SA_RESTART|SA_SIGINFO
SIGXFSZ: [libjvm.dylib+0x48b934], sa_mask[0]=11111111011111110111111111111111, sa_flags=SA_RESTART|SA_SIGINFO
SIGILL: [libjvm.dylib+0x48b934], sa_mask[0]=11111111011111110111111111111111, sa_flags=SA_RESTART|SA_SIGINFO
SIGUSR1: SIG_DFL, sa_mask[0]=00000000000000000000000000000000, sa_flags=none
SIGUSR2: [libjvm.dylib+0x48b452], sa_mask[0]=00100000000000000000000000000000, sa_flags=SA_RESTART|SA_SIGINFO
SIGHUP: [libjvm.dylib+0x489a1d], sa_mask[0]=11111111011111110111111111111111, sa_flags=SA_RESTART|SA_SIGINFO
SIGINT: [libjvm.dylib+0x489a1d], sa_mask[0]=11111111011111110111111111111111, sa_flags=SA_RESTART|SA_SIGINFO
SIGTERM: [libjvm.dylib+0x489a1d], sa_mask[0]=11111111011111110111111111111111, sa_flags=SA_RESTART|SA_SIGINFO
SIGQUIT: [libjvm.dylib+0x489a1d], sa_mask[0]=11111111011111110111111111111111, sa_flags=SA_RESTART|SA_SIGINFO


---------------  S Y S T E M  ---------------

OS:Bsduname:Darwin 14.0.0 Darwin Kernel Version 14.0.0: Fri Sep 19 00:26:44 PDT 2014; root:xnu-2782.1.97~2/RELEASE_X86_64 x86_64
rlimit: STACK 8192k, CORE 0k, NPROC 709, NOFILE 10240, AS infinity
load average:3.10 2.95 2.95

CPU:total 4 (initial active 4) (2 cores per cpu, 2 threads per core) family 6 model 58 stepping 9, cmov, cx8, fxsr, mmx, sse, sse2, sse3, ssse3, sse4.1, sse4.2, popcnt, avx, aes, clmul, erms, ht, tsc, tscinvbit, tscinv

Memory: 4k page, physical 8388608k(199436k free)

/proc/meminfo:


vm_info: Java HotSpot(TM) 64-Bit Server VM (25.181-b13) for bsd-amd64 JRE (1.8.0_181-b13), built on Jul  7 2018 01:02:31 by "java_re" with gcc 4.2.1 (Based on Apple Inc. build 5658) (LLVM build 2336.11.00)

time: Mon Oct 15 11:07:38 2018
elapsed time: 44 seconds (0d 0h 0m 44s)

